[0.024s] Invoking command in '/home/gabriel/Desktop/SLAM_Thesis/build/fastslam_thesis': CMAKE_PREFIX_PATH=/opt/ros/humble /usr/bin/cmake /home/gabriel/Desktop/SLAM_Thesis -DAMENT_CMAKE_SYMLINK_INSTALL=1 -DCMAKE_INSTALL_PREFIX=/home/gabriel/Desktop/SLAM_Thesis/install/fastslam_thesis
[0.052s] -- Found ament_cmake: 1.3.12 (/opt/ros/humble/share/ament_cmake/cmake)
[0.311s] -- Override CMake install command with custom implementation using symlinks instead of copying resources
[0.334s] -- Found rclcpp: 16.0.17 (/opt/ros/humble/share/rclcpp/cmake)
[0.396s] -- Found rosidl_generator_c: 3.1.8 (/opt/ros/humble/share/rosidl_generator_c/cmake)
[0.401s] -- Found rosidl_adapter: 3.1.8 (/opt/ros/humble/share/rosidl_adapter/cmake)
[0.413s] -- Found rosidl_generator_cpp: 3.1.8 (/opt/ros/humble/share/rosidl_generator_cpp/cmake)
[0.432s] -- Using all available rosidl_typesupport_c: rosidl_typesupport_fastrtps_c;rosidl_typesupport_introspection_c
[0.458s] -- Using all available rosidl_typesupport_cpp: rosidl_typesupport_fastrtps_cpp;rosidl_typesupport_introspection_cpp
[0.523s] -- Found rmw_implementation_cmake: 6.1.2 (/opt/ros/humble/share/rmw_implementation_cmake/cmake)
[0.526s] -- Found rmw_fastrtps_cpp: 6.2.9 (/opt/ros/humble/share/rmw_fastrtps_cpp/cmake)
[0.740s] -- Using RMW implementation 'rmw_fastrtps_cpp' as default
[0.834s] -- Found nav_msgs: 4.9.0 (/opt/ros/humble/share/nav_msgs/cmake)
[0.887s] -- Found sensor_msgs: 4.9.0 (/opt/ros/humble/share/sensor_msgs/cmake)
[0.917s] -- Found tf2: 0.25.18 (/opt/ros/humble/share/tf2/cmake)
[0.924s] -- Found tf2_geometry_msgs: 0.25.18 (/opt/ros/humble/share/tf2_geometry_msgs/cmake)
[0.929s] -- Found eigen3_cmake_module: 0.1.1 (/opt/ros/humble/share/eigen3_cmake_module/cmake)
[0.932s] -- Ensuring Eigen3 include directory is part of orocos-kdl CMake target
[1.228s] -- Configuring done
[1.259s] -- Generating done
[1.269s] -- Build files have been written to: /home/gabriel/Desktop/SLAM_Thesis/build/fastslam_thesis
[1.288s] Invoked command in '/home/gabriel/Desktop/SLAM_Thesis/build/fastslam_thesis' returned '0': CMAKE_PREFIX_PATH=/opt/ros/humble /usr/bin/cmake /home/gabriel/Desktop/SLAM_Thesis -DAMENT_CMAKE_SYMLINK_INSTALL=1 -DCMAKE_INSTALL_PREFIX=/home/gabriel/Desktop/SLAM_Thesis/install/fastslam_thesis
[1.293s] Invoking command in '/home/gabriel/Desktop/SLAM_Thesis/build/fastslam_thesis': CMAKE_PREFIX_PATH=/opt/ros/humble /usr/bin/cmake --build /home/gabriel/Desktop/SLAM_Thesis/build/fastslam_thesis -- -j8 -l8
[1.428s] [ 20%] [32mBuilding CXX object CMakeFiles/fastslam_node.dir/src/fastslam_node.cpp.o[0m
[1.428s] [ 60%] [32mBuilding CXX object CMakeFiles/fastslam_node.dir/src/grid_mapper.cpp.o[0m
[1.429s] [ 60%] [32mBuilding CXX object CMakeFiles/fastslam_node.dir/src/motion_model.cpp.o[0m
[1.434s] [ 80%] [32mBuilding CXX object CMakeFiles/fastslam_node.dir/src/measurement_model.cpp.o[0m
[2.125s] [01m[K/home/gabriel/Desktop/SLAM_Thesis/src/fastslam_node.cpp:18:10:[m[K [01;31m[Kfatal error: [m[Kparticle.hpp: No such file or directory
[2.126s]    18 | #include [01;31m[K"particle.hpp"[m[K
[2.126s]       |          [01;31m[K^~~~~~~~~~~~~~[m[K
[2.126s] compilation terminated.
[2.140s] gmake[2]: *** [CMakeFiles/fastslam_node.dir/build.make:76: CMakeFiles/fastslam_node.dir/src/fastslam_node.cpp.o] Error 1
[2.141s] gmake[2]: *** Waiting for unfinished jobs....
[3.233s] gmake[1]: *** [CMakeFiles/Makefile2:137: CMakeFiles/fastslam_node.dir/all] Error 2
[3.234s] gmake: *** [Makefile:146: all] Error 2
[3.240s] Invoked command in '/home/gabriel/Desktop/SLAM_Thesis/build/fastslam_thesis' returned '2': CMAKE_PREFIX_PATH=/opt/ros/humble /usr/bin/cmake --build /home/gabriel/Desktop/SLAM_Thesis/build/fastslam_thesis -- -j8 -l8
